{"/home/travis/build/npmtest/node-npmtest-package-script/test.js":{"path":"/home/travis/build/npmtest/node-npmtest-package-script/test.js","s":{"1":2,"2":2,"3":2,"4":2,"5":2,"6":2,"7":2,"8":1,"9":2,"10":2,"11":1,"12":1,"13":1,"14":1,"15":2,"16":2,"17":2,"18":2,"19":1,"20":1,"21":2,"22":2,"23":2,"24":1,"25":1,"26":1,"27":1,"28":1,"29":1,"30":1,"31":1,"32":1,"33":1,"34":1,"35":1,"36":1,"37":1,"38":1,"39":2,"40":2,"41":1,"42":2,"43":2,"44":1,"45":2,"46":2,"47":1,"48":2,"49":2,"50":1,"51":1,"52":1,"53":1,"54":1},"b":{"1":[2,1,1,1],"2":[1,1,1,1],"3":[1,1],"4":[1,1],"5":[1,1],"6":[1,1],"7":[1,1],"8":[1,1],"9":[1,1],"10":[1,1,1],"11":[1,1],"12":[1,1],"13":[1,1],"14":[1,1],"15":[1,1],"16":[1,1],"17":[1,1]},"f":{"1":2,"2":2,"3":2,"4":2,"5":2,"6":1,"7":1,"8":1,"9":2,"10":2,"11":2,"12":2,"13":1},"fnMap":{"1":{"name":"(anonymous_1)","line":12,"loc":{"start":{"line":12,"column":1},"end":{"line":12,"column":13}}},"2":{"name":"(anonymous_2)","line":19,"loc":{"start":{"line":19,"column":5},"end":{"line":19,"column":17}}},"3":{"name":"(anonymous_3)","line":23,"loc":{"start":{"line":23,"column":24},"end":{"line":23,"column":36}}},"4":{"name":"(anonymous_4)","line":61,"loc":{"start":{"line":61,"column":5},"end":{"line":61,"column":17}}},"5":{"name":"(anonymous_5)","line":82,"loc":{"start":{"line":82,"column":5},"end":{"line":82,"column":17}}},"6":{"name":"(anonymous_6)","line":91,"loc":{"start":{"line":91,"column":77},"end":{"line":94,"column":10}}},"7":{"name":"(anonymous_7)","line":112,"loc":{"start":{"line":112,"column":83},"end":{"line":115,"column":10}},"skip":true},"8":{"name":"(anonymous_8)","line":123,"loc":{"start":{"line":123,"column":77},"end":{"line":126,"column":10}},"skip":true},"9":{"name":"(anonymous_9)","line":139,"loc":{"start":{"line":139,"column":12},"end":{"line":139,"column":40}},"skip":true},"10":{"name":"(anonymous_10)","line":147,"loc":{"start":{"line":147,"column":77},"end":{"line":150,"column":10}},"skip":true},"11":{"name":"(anonymous_11)","line":158,"loc":{"start":{"line":158,"column":83},"end":{"line":161,"column":10}},"skip":true},"12":{"name":"(anonymous_12)","line":169,"loc":{"start":{"line":169,"column":79},"end":{"line":172,"column":10}},"skip":true},"13":{"name":"(anonymous_13)","line":180,"loc":{"start":{"line":180,"column":75},"end":{"line":183,"column":10}},"skip":true}},"statementMap":{"1":{"start":{"line":12,"column":0},"end":{"line":195,"column":5}},"2":{"start":{"line":14,"column":4},"end":{"line":14,"column":14}},"3":{"start":{"line":19,"column":4},"end":{"line":56,"column":9}},"4":{"start":{"line":21,"column":8},"end":{"line":21,"column":19}},"5":{"start":{"line":23,"column":8},"end":{"line":35,"column":13}},"6":{"start":{"line":24,"column":12},"end":{"line":34,"column":13}},"7":{"start":{"line":25,"column":16},"end":{"line":28,"column":30}},"8":{"start":{"line":30,"column":16},"end":{"line":33,"column":27}},"9":{"start":{"line":37,"column":8},"end":{"line":39,"column":21}},"10":{"start":{"line":40,"column":8},"end":{"line":53,"column":9}},"11":{"start":{"line":43,"column":12},"end":{"line":46,"column":14}},"12":{"start":{"line":47,"column":12},"end":{"line":47,"column":18}},"13":{"start":{"line":50,"column":12},"end":{"line":51,"column":33}},"14":{"start":{"line":52,"column":12},"end":{"line":52,"column":18}},"15":{"start":{"line":55,"column":8},"end":{"line":55,"column":35}},"16":{"start":{"line":61,"column":4},"end":{"line":63,"column":9}},"17":{"start":{"line":62,"column":8},"end":{"line":62,"column":15}},"18":{"start":{"line":64,"column":4},"end":{"line":77,"column":5}},"19":{"start":{"line":70,"column":8},"end":{"line":70,"column":14}},"20":{"start":{"line":76,"column":8},"end":{"line":76,"column":14}},"21":{"start":{"line":82,"column":4},"end":{"line":84,"column":9}},"22":{"start":{"line":83,"column":8},"end":{"line":83,"column":15}},"23":{"start":{"line":85,"column":4},"end":{"line":194,"column":5}},"24":{"start":{"line":91,"column":8},"end":{"line":99,"column":10}},"25":{"start":{"line":98,"column":12},"end":{"line":98,"column":35}},"26":{"start":{"line":102,"column":8},"end":{"line":104,"column":63}},"27":{"start":{"line":105,"column":8},"end":{"line":105,"column":14}},"28":{"start":{"line":112,"column":8},"end":{"line":121,"column":10},"skip":true},"29":{"start":{"line":119,"column":12},"end":{"line":119,"column":55},"skip":true},"30":{"start":{"line":120,"column":12},"end":{"line":120,"column":48},"skip":true},"31":{"start":{"line":123,"column":8},"end":{"line":136,"column":10},"skip":true},"32":{"start":{"line":130,"column":12},"end":{"line":130,"column":76},"skip":true},"33":{"start":{"line":131,"column":12},"end":{"line":131,"column":73},"skip":true},"34":{"start":{"line":132,"column":12},"end":{"line":132,"column":74},"skip":true},"35":{"start":{"line":133,"column":12},"end":{"line":133,"column":79},"skip":true},"36":{"start":{"line":134,"column":12},"end":{"line":134,"column":25},"skip":true},"37":{"start":{"line":135,"column":12},"end":{"line":135,"column":45},"skip":true},"38":{"start":{"line":138,"column":8},"end":{"line":145,"column":14},"skip":true},"39":{"start":{"line":143,"column":16},"end":{"line":143,"column":29},"skip":true},"40":{"start":{"line":144,"column":16},"end":{"line":144,"column":55},"skip":true},"41":{"start":{"line":147,"column":8},"end":{"line":156,"column":10},"skip":true},"42":{"start":{"line":154,"column":12},"end":{"line":154,"column":25},"skip":true},"43":{"start":{"line":155,"column":12},"end":{"line":155,"column":45},"skip":true},"44":{"start":{"line":158,"column":8},"end":{"line":167,"column":10},"skip":true},"45":{"start":{"line":165,"column":12},"end":{"line":165,"column":25},"skip":true},"46":{"start":{"line":166,"column":12},"end":{"line":166,"column":48},"skip":true},"47":{"start":{"line":169,"column":8},"end":{"line":178,"column":10},"skip":true},"48":{"start":{"line":176,"column":12},"end":{"line":176,"column":25},"skip":true},"49":{"start":{"line":177,"column":12},"end":{"line":177,"column":46},"skip":true},"50":{"start":{"line":180,"column":8},"end":{"line":189,"column":10},"skip":true},"51":{"start":{"line":187,"column":12},"end":{"line":187,"column":94},"skip":true},"52":{"start":{"line":188,"column":12},"end":{"line":188,"column":48},"skip":true},"53":{"start":{"line":192,"column":8},"end":{"line":192,"column":35},"skip":true},"54":{"start":{"line":193,"column":8},"end":{"line":193,"column":14},"skip":true}},"branchMap":{"1":{"line":25,"type":"binary-expr","locations":[{"start":{"line":25,"column":23},"end":{"line":25,"column":62}},{"start":{"line":26,"column":20},"end":{"line":26,"column":70}},{"start":{"line":27,"column":20},"end":{"line":27,"column":71}},{"start":{"line":28,"column":20},"end":{"line":28,"column":29}}]},"2":{"line":30,"type":"binary-expr","locations":[{"start":{"line":30,"column":23},"end":{"line":30,"column":37}},{"start":{"line":31,"column":20},"end":{"line":31,"column":61}},{"start":{"line":32,"column":20},"end":{"line":32,"column":70}},{"start":{"line":33,"column":20},"end":{"line":33,"column":26}}]},"3":{"line":37,"type":"cond-expr","locations":[{"start":{"line":38,"column":14},"end":{"line":38,"column":20}},{"start":{"line":39,"column":14},"end":{"line":39,"column":20}}]},"4":{"line":40,"type":"switch","locations":[{"start":{"line":42,"column":8},"end":{"line":47,"column":18}},{"start":{"line":49,"column":8},"end":{"line":52,"column":18}}]},"5":{"line":44,"type":"binary-expr","locations":[{"start":{"line":44,"column":16},"end":{"line":44,"column":44}},{"start":{"line":44,"column":48},"end":{"line":44,"column":66}}]},"6":{"line":50,"type":"binary-expr","locations":[{"start":{"line":50,"column":21},"end":{"line":50,"column":49}},{"start":{"line":50,"column":53},"end":{"line":50,"column":72}}]},"7":{"line":64,"type":"switch","locations":[{"start":{"line":69,"column":4},"end":{"line":70,"column":14}},{"start":{"line":75,"column":4},"end":{"line":76,"column":14}}]},"8":{"line":85,"type":"switch","locations":[{"start":{"line":90,"column":4},"end":{"line":105,"column":14}},{"start":{"line":111,"column":4},"end":{"line":193,"column":14},"skip":true}]},"9":{"line":91,"type":"binary-expr","locations":[{"start":{"line":91,"column":42},"end":{"line":91,"column":73}},{"start":{"line":91,"column":77},"end":{"line":99,"column":9}}]},"10":{"line":102,"type":"binary-expr","locations":[{"start":{"line":102,"column":18},"end":{"line":102,"column":32}},{"start":{"line":103,"column":12},"end":{"line":103,"column":53}},{"start":{"line":104,"column":12},"end":{"line":104,"column":61}}]},"11":{"line":112,"type":"binary-expr","locations":[{"start":{"line":112,"column":45},"end":{"line":112,"column":79},"skip":true},{"start":{"line":112,"column":83},"end":{"line":121,"column":9},"skip":true}]},"12":{"line":123,"type":"binary-expr","locations":[{"start":{"line":123,"column":42},"end":{"line":123,"column":73},"skip":true},{"start":{"line":123,"column":77},"end":{"line":136,"column":9},"skip":true}]},"13":{"line":138,"type":"binary-expr","locations":[{"start":{"line":138,"column":48},"end":{"line":138,"column":85},"skip":true},{"start":{"line":139,"column":12},"end":{"line":145,"column":13},"skip":true}]},"14":{"line":147,"type":"binary-expr","locations":[{"start":{"line":147,"column":42},"end":{"line":147,"column":73},"skip":true},{"start":{"line":147,"column":77},"end":{"line":156,"column":9},"skip":true}]},"15":{"line":158,"type":"binary-expr","locations":[{"start":{"line":158,"column":45},"end":{"line":158,"column":79},"skip":true},{"start":{"line":158,"column":83},"end":{"line":167,"column":9},"skip":true}]},"16":{"line":169,"type":"binary-expr","locations":[{"start":{"line":169,"column":43},"end":{"line":169,"column":75},"skip":true},{"start":{"line":169,"column":79},"end":{"line":178,"column":9},"skip":true}]},"17":{"line":180,"type":"binary-expr","locations":[{"start":{"line":180,"column":41},"end":{"line":180,"column":71},"skip":true},{"start":{"line":180,"column":75},"end":{"line":189,"column":9},"skip":true}]}},"code":["/* istanbul instrument in package npmtest_package_script */","/*jslint","    bitwise: true,","    browser: true,","    maxerr: 8,","    maxlen: 96,","    node: true,","    nomen: true,","    regexp: true,","    stupid: true","*/","(function () {","    'use strict';","    var local;","","","","    // run shared js-env code - init-before","    (function () {","        // init local","        local = {};","        // init modeJs","        local.modeJs = (function () {","            try {","                return typeof navigator.userAgent === 'string' &&","                    typeof document.querySelector('body') === 'object' &&","                    typeof XMLHttpRequest.prototype.open === 'function' &&","                    'browser';","            } catch (errorCaughtBrowser) {","                return module.exports &&","                    typeof process.versions.node === 'string' &&","                    typeof require('http').createServer === 'function' &&","                    'node';","            }","        }());","        // init global","        local.global = local.modeJs === 'browser'","            ? window","            : global;","        switch (local.modeJs) {","        // re-init local from window.local","        case 'browser':","            local = local.global.utility2.objectSetDefault(","                local.global.utility2_rollup || local.global.local,","                local.global.utility2","            );","            break;","        // re-init local from example.js","        case 'node':","            local = (local.global.utility2_rollup || require('utility2'))","                .requireReadme();","            break;","        }","        // export local","        local.global.local = local;","    }());","","","","    // run shared js-env code - function","    (function () {","        return;","    }());","    switch (local.modeJs) {","","","","    // run browser js-env code - function","    case 'browser':","        break;","","","","    // run node js-env code - function","    case 'node':","        break;","    }","","","","    // run shared js-env code - init-after","    (function () {","        return;","    }());","    switch (local.modeJs) {","","","","    // run browser js-env code - init-after","    case 'browser':","        local.testCase_browser_nullCase = local.testCase_browser_nullCase || function (","            options,","            onError","        ) {","        /*","         * this function will test browsers's null-case handling-behavior-behavior","         */","            onError(null, options);","        };","","        // run tests","        local.nop(local.modeTest &&","            document.querySelector('#testRunButton1') &&","            document.querySelector('#testRunButton1').click());","        break;","","","","    // run node js-env code - init-after","    /* istanbul ignore next */","    case 'node':","        local.testCase_buildApidoc_default = local.testCase_buildApidoc_default || function (","            options,","            onError","        ) {","        /*","         * this function will test buildApidoc's default handling-behavior-behavior","         */","            options = { modulePathList: module.paths };","            local.buildApidoc(options, onError);","        };","","        local.testCase_buildApp_default = local.testCase_buildApp_default || function (","            options,","            onError","        ) {","        /*","         * this function will test buildApp's default handling-behavior-behavior","         */","            local.testCase_buildReadme_default(options, local.onErrorThrow);","            local.testCase_buildLib_default(options, local.onErrorThrow);","            local.testCase_buildTest_default(options, local.onErrorThrow);","            local.testCase_buildCustomOrg_default(options, local.onErrorThrow);","            options = [];","            local.buildApp(options, onError);","        };","","        local.testCase_buildCustomOrg_default = local.testCase_buildCustomOrg_default ||","            function (options, onError) {","            /*","             * this function will test buildCustomOrg's default handling-behavior","             */","                options = {};","                local.buildCustomOrg(options, onError);","            };","","        local.testCase_buildLib_default = local.testCase_buildLib_default || function (","            options,","            onError","        ) {","        /*","         * this function will test buildLib's default handling-behavior","         */","            options = {};","            local.buildLib(options, onError);","        };","","        local.testCase_buildReadme_default = local.testCase_buildReadme_default || function (","            options,","            onError","        ) {","        /*","         * this function will test buildReadme's default handling-behavior-behavior","         */","            options = {};","            local.buildReadme(options, onError);","        };","","        local.testCase_buildTest_default = local.testCase_buildTest_default || function (","            options,","            onError","        ) {","        /*","         * this function will test buildTest's default handling-behavior","         */","            options = {};","            local.buildTest(options, onError);","        };","","        local.testCase_webpage_default = local.testCase_webpage_default || function (","            options,","            onError","        ) {","        /*","         * this function will test webpage's default handling-behavior","         */","            options = { modeCoverageMerge: true, url: local.serverLocalHost + '?modeTest=1' };","            local.browserTest(options, onError);","        };","","        // run test-server","        local.testRunServer(local);","        break;","    }","}());",""],"l":{"12":2,"14":2,"19":2,"21":2,"23":2,"24":2,"25":2,"30":1,"37":2,"40":2,"43":1,"47":1,"50":1,"52":1,"55":2,"61":2,"62":2,"64":2,"70":1,"76":1,"82":2,"83":2,"85":2,"91":1,"98":1,"102":1,"105":1,"112":1,"119":1,"120":1,"123":1,"130":1,"131":1,"132":1,"133":1,"134":1,"135":1,"138":1,"143":2,"144":2,"147":1,"154":2,"155":2,"158":1,"165":2,"166":2,"169":1,"176":2,"177":2,"180":1,"187":1,"188":1,"192":1,"193":1}},"/home/travis/build/npmtest/node-npmtest-package-script/lib.npmtest_package_script.js":{"path":"/home/travis/build/npmtest/node-npmtest-package-script/lib.npmtest_package_script.js","s":{"1":2,"2":2,"3":2,"4":2,"5":2,"6":2,"7":2,"8":1,"9":2,"10":2,"11":2,"12":2,"13":1,"14":1,"15":1,"16":1},"b":{"1":[2,1,1,1],"2":[1,1,1,1],"3":[1,1],"4":[2,2],"5":[1,1]},"f":{"1":2,"2":2,"3":2},"fnMap":{"1":{"name":"(anonymous_1)","line":12,"loc":{"start":{"line":12,"column":1},"end":{"line":12,"column":13}}},"2":{"name":"(anonymous_2)","line":19,"loc":{"start":{"line":19,"column":5},"end":{"line":19,"column":17}}},"3":{"name":"(anonymous_3)","line":23,"loc":{"start":{"line":23,"column":24},"end":{"line":23,"column":36}}}},"statementMap":{"1":{"start":{"line":12,"column":0},"end":{"line":53,"column":5}},"2":{"start":{"line":14,"column":4},"end":{"line":14,"column":14}},"3":{"start":{"line":19,"column":4},"end":{"line":52,"column":9}},"4":{"start":{"line":21,"column":8},"end":{"line":21,"column":19}},"5":{"start":{"line":23,"column":8},"end":{"line":35,"column":13}},"6":{"start":{"line":24,"column":12},"end":{"line":34,"column":13}},"7":{"start":{"line":25,"column":16},"end":{"line":28,"column":30}},"8":{"start":{"line":30,"column":16},"end":{"line":33,"column":27}},"9":{"start":{"line":37,"column":8},"end":{"line":39,"column":21}},"10":{"start":{"line":41,"column":8},"end":{"line":41,"column":54}},"11":{"start":{"line":43,"column":8},"end":{"line":43,"column":59}},"12":{"start":{"line":45,"column":8},"end":{"line":51,"column":9}},"13":{"start":{"line":46,"column":12},"end":{"line":46,"column":65}},"14":{"start":{"line":48,"column":12},"end":{"line":48,"column":35}},"15":{"start":{"line":49,"column":12},"end":{"line":49,"column":49}},"16":{"start":{"line":50,"column":12},"end":{"line":50,"column":43}}},"branchMap":{"1":{"line":25,"type":"binary-expr","locations":[{"start":{"line":25,"column":23},"end":{"line":25,"column":62}},{"start":{"line":26,"column":20},"end":{"line":26,"column":70}},{"start":{"line":27,"column":20},"end":{"line":27,"column":71}},{"start":{"line":28,"column":20},"end":{"line":28,"column":29}}]},"2":{"line":30,"type":"binary-expr","locations":[{"start":{"line":30,"column":23},"end":{"line":30,"column":37}},{"start":{"line":31,"column":20},"end":{"line":31,"column":61}},{"start":{"line":32,"column":20},"end":{"line":32,"column":70}},{"start":{"line":33,"column":20},"end":{"line":33,"column":26}}]},"3":{"line":37,"type":"cond-expr","locations":[{"start":{"line":38,"column":14},"end":{"line":38,"column":20}},{"start":{"line":39,"column":14},"end":{"line":39,"column":20}}]},"4":{"line":41,"type":"binary-expr","locations":[{"start":{"line":41,"column":16},"end":{"line":41,"column":44}},{"start":{"line":41,"column":48},"end":{"line":41,"column":53}}]},"5":{"line":45,"type":"if","locations":[{"start":{"line":45,"column":8},"end":{"line":45,"column":8}},{"start":{"line":45,"column":8},"end":{"line":45,"column":8}}]}},"code":["/* istanbul instrument in package npmtest_package_script */","/*jslint","    bitwise: true,","    browser: true,","    maxerr: 8,","    maxlen: 96,","    node: true,","    nomen: true,","    regexp: true,","    stupid: true","*/","(function () {","    'use strict';","    var local;","","","","    // run shared js-env code - init-before","    (function () {","        // init local","        local = {};","        // init modeJs","        local.modeJs = (function () {","            try {","                return typeof navigator.userAgent === 'string' &&","                    typeof document.querySelector('body') === 'object' &&","                    typeof XMLHttpRequest.prototype.open === 'function' &&","                    'browser';","            } catch (errorCaughtBrowser) {","                return module.exports &&","                    typeof process.versions.node === 'string' &&","                    typeof require('http').createServer === 'function' &&","                    'node';","            }","        }());","        // init global","        local.global = local.modeJs === 'browser'","            ? window","            : global;","        // init utility2_rollup","        local = local.global.utility2_rollup || local;","        // init lib","        local.local = local.npmtest_package_script = local;","        // init exports","        if (local.modeJs === 'browser') {","            local.global.utility2_npmtest_package_script = local;","        } else {","            module.exports = local;","            module.exports.__dirname = __dirname;","            module.exports.module = module;","        }","    }());","}());",""],"l":{"12":2,"14":2,"19":2,"21":2,"23":2,"24":2,"25":2,"30":1,"37":2,"41":2,"43":2,"45":2,"46":1,"48":1,"49":1,"50":1}},"/home/travis/build/npmtest/node-npmtest-package-script/example.js":{"path":"/home/travis/build/npmtest/node-npmtest-package-script/example.js","s":{"1":2,"2":2,"3":2,"4":2,"5":2,"6":2,"7":2,"8":1,"9":2,"10":2,"11":2,"12":2,"13":1,"14":2,"15":2,"16":2,"17":2,"18":2,"19":0,"20":2,"21":1,"22":1,"23":1,"24":1,"25":1,"26":0,"27":0,"28":1,"29":1,"30":2,"31":0,"32":0,"33":0,"34":1,"35":2,"36":2,"37":3,"38":3,"39":3,"40":3,"41":0,"42":3,"43":3,"44":3,"45":1,"46":3,"47":1,"48":1,"49":1,"50":1,"51":1,"52":1,"53":1,"54":1,"55":1,"56":1,"57":0,"58":1,"59":6,"60":6,"61":1,"62":2,"63":0,"64":2,"65":1,"66":1,"67":0,"68":0,"69":0,"70":0,"71":0,"72":0,"73":0,"74":0,"75":0,"76":0,"77":0,"78":0,"79":0,"80":0,"81":0,"82":0,"83":0},"b":{"1":[2,1,1,1],"2":[1,1,1,1],"3":[1,1],"4":[2,2],"5":[1,1],"6":[1,1],"7":[2,0],"8":[2,1,1,1,1,1],"9":[0,2,0],"10":[1,1],"11":[2,1,1],"12":[1,0],"13":[0,2],"14":[2,0,0,0,0,0,0],"15":[0,3],"16":[3,0],"17":[1,1],"18":[0,1],"19":[1,2,0,2],"20":[1,0],"21":[1,1],"22":[0,0],"23":[0,0],"24":[0,0],"25":[0,0],"26":[0,0],"27":[0,0],"28":[0,0]},"f":{"1":2,"2":2,"3":2,"4":2,"5":2,"6":2,"7":3,"8":3,"9":3,"10":1,"11":6,"12":0},"fnMap":{"1":{"name":"(anonymous_1)","line":26,"loc":{"start":{"line":26,"column":1},"end":{"line":26,"column":13}}},"2":{"name":"(anonymous_2)","line":33,"loc":{"start":{"line":33,"column":5},"end":{"line":33,"column":17}}},"3":{"name":"(anonymous_3)","line":37,"loc":{"start":{"line":37,"column":24},"end":{"line":37,"column":36}}},"4":{"name":"(anonymous_4)","line":69,"loc":{"start":{"line":69,"column":31},"end":{"line":69,"column":48}},"skip":true},"5":{"name":"(anonymous_5)","line":78,"loc":{"start":{"line":78,"column":26},"end":{"line":78,"column":45}},"skip":true},"6":{"name":"(anonymous_6)","line":123,"loc":{"start":{"line":123,"column":33},"end":{"line":123,"column":48}},"skip":true},"7":{"name":"(anonymous_7)","line":125,"loc":{"start":{"line":125,"column":27},"end":{"line":125,"column":39}},"skip":true},"8":{"name":"(anonymous_8)","line":133,"loc":{"start":{"line":133,"column":59},"end":{"line":133,"column":74}},"skip":true},"9":{"name":"(anonymous_9)","line":143,"loc":{"start":{"line":143,"column":45},"end":{"line":143,"column":62}},"skip":true},"10":{"name":"(anonymous_10)","line":144,"loc":{"start":{"line":144,"column":73},"end":{"line":144,"column":92}},"skip":true},"11":{"name":"(anonymous_11)","line":272,"loc":{"start":{"line":272,"column":51},"end":{"line":272,"column":77}},"skip":true},"12":{"name":"(anonymous_12)","line":315,"loc":{"start":{"line":315,"column":32},"end":{"line":315,"column":61}},"skip":true}},"statementMap":{"1":{"start":{"line":26,"column":0},"end":{"line":326,"column":5}},"2":{"start":{"line":28,"column":4},"end":{"line":28,"column":14}},"3":{"start":{"line":33,"column":4},"end":{"line":60,"column":9}},"4":{"start":{"line":35,"column":8},"end":{"line":35,"column":19}},"5":{"start":{"line":37,"column":8},"end":{"line":49,"column":13}},"6":{"start":{"line":38,"column":12},"end":{"line":48,"column":13}},"7":{"start":{"line":39,"column":16},"end":{"line":42,"column":30}},"8":{"start":{"line":44,"column":16},"end":{"line":47,"column":27}},"9":{"start":{"line":51,"column":8},"end":{"line":53,"column":21}},"10":{"start":{"line":55,"column":8},"end":{"line":57,"column":45}},"11":{"start":{"line":59,"column":8},"end":{"line":59,"column":35}},"12":{"start":{"line":61,"column":4},"end":{"line":325,"column":5}},"13":{"start":{"line":69,"column":8},"end":{"line":121,"column":10},"skip":true},"14":{"start":{"line":70,"column":12},"end":{"line":88,"column":13},"skip":true},"15":{"start":{"line":76,"column":16},"end":{"line":87,"column":19},"skip":true},"16":{"start":{"line":79,"column":20},"end":{"line":86,"column":21},"skip":true},"17":{"start":{"line":82,"column":24},"end":{"line":82,"column":43},"skip":true},"18":{"start":{"line":83,"column":24},"end":{"line":83,"column":30},"skip":true},"19":{"start":{"line":85,"column":24},"end":{"line":85,"column":49},"skip":true},"20":{"start":{"line":89,"column":12},"end":{"line":107,"column":13},"skip":true},"21":{"start":{"line":92,"column":16},"end":{"line":102,"column":17},"skip":true},"22":{"start":{"line":93,"column":20},"end":{"line":93,"column":86},"skip":true},"23":{"start":{"line":94,"column":20},"end":{"line":95,"column":45},"skip":true},"24":{"start":{"line":96,"column":20},"end":{"line":96,"column":42},"skip":true},"25":{"start":{"line":97,"column":20},"end":{"line":97,"column":48},"skip":true},"26":{"start":{"line":100,"column":20},"end":{"line":100,"column":85},"skip":true},"27":{"start":{"line":101,"column":20},"end":{"line":101,"column":96},"skip":true},"28":{"start":{"line":103,"column":16},"end":{"line":103,"column":22},"skip":true},"29":{"start":{"line":106,"column":16},"end":{"line":106,"column":22},"skip":true},"30":{"start":{"line":108,"column":12},"end":{"line":120,"column":13},"skip":true},"31":{"start":{"line":114,"column":16},"end":{"line":119,"column":17},"skip":true},"32":{"start":{"line":116,"column":20},"end":{"line":116,"column":78},"skip":true},"33":{"start":{"line":118,"column":20},"end":{"line":118,"column":47},"skip":true},"34":{"start":{"line":123,"column":8},"end":{"line":141,"column":11},"skip":true},"35":{"start":{"line":124,"column":12},"end":{"line":124,"column":54},"skip":true},"36":{"start":{"line":125,"column":12},"end":{"line":140,"column":14},"skip":true},"37":{"start":{"line":126,"column":16},"end":{"line":126,"column":28},"skip":true},"38":{"start":{"line":127,"column":16},"end":{"line":127,"column":69},"skip":true},"39":{"start":{"line":128,"column":16},"end":{"line":128,"column":75},"skip":true},"40":{"start":{"line":129,"column":16},"end":{"line":131,"column":17},"skip":true},"41":{"start":{"line":130,"column":20},"end":{"line":130,"column":27},"skip":true},"42":{"start":{"line":133,"column":16},"end":{"line":137,"column":36},"skip":true},"43":{"start":{"line":134,"column":20},"end":{"line":136,"column":55},"skip":true},"44":{"start":{"line":139,"column":16},"end":{"line":139,"column":57},"skip":true},"45":{"start":{"line":143,"column":8},"end":{"line":147,"column":11},"skip":true},"46":{"start":{"line":144,"column":12},"end":{"line":146,"column":15},"skip":true},"47":{"start":{"line":145,"column":16},"end":{"line":145,"column":70},"skip":true},"48":{"start":{"line":149,"column":8},"end":{"line":149,"column":31},"skip":true},"49":{"start":{"line":150,"column":8},"end":{"line":150,"column":14},"skip":true},"50":{"start":{"line":158,"column":8},"end":{"line":158,"column":31},"skip":true},"51":{"start":{"line":160,"column":8},"end":{"line":160,"column":33},"skip":true},"52":{"start":{"line":161,"column":8},"end":{"line":161,"column":37},"skip":true},"53":{"start":{"line":162,"column":8},"end":{"line":162,"column":35},"skip":true},"54":{"start":{"line":164,"column":8},"end":{"line":164,"column":50},"skip":true},"55":{"start":{"line":166,"column":8},"end":{"line":256,"column":2},"skip":true},"56":{"start":{"line":258,"column":8},"end":{"line":286,"column":9},"skip":true},"57":{"start":{"line":259,"column":12},"end":{"line":269,"column":14},"skip":true},"58":{"start":{"line":271,"column":12},"end":{"line":285,"column":19},"skip":true},"59":{"start":{"line":274,"column":20},"end":{"line":274,"column":35},"skip":true},"60":{"start":{"line":275,"column":20},"end":{"line":284,"column":21},"skip":true},"61":{"start":{"line":277,"column":24},"end":{"line":277,"column":64},"skip":true},"62":{"start":{"line":279,"column":24},"end":{"line":279,"column":40},"skip":true},"63":{"start":{"line":281,"column":24},"end":{"line":281,"column":40},"skip":true},"64":{"start":{"line":283,"column":24},"end":{"line":283,"column":39},"skip":true},"65":{"start":{"line":288,"column":8},"end":{"line":290,"column":9},"skip":true},"66":{"start":{"line":289,"column":12},"end":{"line":289,"column":18},"skip":true},"67":{"start":{"line":291,"column":8},"end":{"line":293,"column":54},"skip":true},"68":{"start":{"line":296,"column":8},"end":{"line":301,"column":37},"skip":true},"69":{"start":{"line":303,"column":8},"end":{"line":303,"column":82},"skip":true},"70":{"start":{"line":306,"column":8},"end":{"line":308,"column":9},"skip":true},"71":{"start":{"line":307,"column":12},"end":{"line":307,"column":82},"skip":true},"72":{"start":{"line":310,"column":8},"end":{"line":312,"column":9},"skip":true},"73":{"start":{"line":311,"column":12},"end":{"line":311,"column":18},"skip":true},"74":{"start":{"line":313,"column":8},"end":{"line":313,"column":54},"skip":true},"75":{"start":{"line":314,"column":8},"end":{"line":314,"column":69},"skip":true},"76":{"start":{"line":315,"column":8},"end":{"line":323,"column":36},"skip":true},"77":{"start":{"line":316,"column":12},"end":{"line":316,"column":61},"skip":true},"78":{"start":{"line":317,"column":12},"end":{"line":320,"column":13},"skip":true},"79":{"start":{"line":318,"column":16},"end":{"line":318,"column":75},"skip":true},"80":{"start":{"line":319,"column":16},"end":{"line":319,"column":23},"skip":true},"81":{"start":{"line":321,"column":12},"end":{"line":321,"column":38},"skip":true},"82":{"start":{"line":322,"column":12},"end":{"line":322,"column":27},"skip":true},"83":{"start":{"line":324,"column":8},"end":{"line":324,"column":14},"skip":true}},"branchMap":{"1":{"line":39,"type":"binary-expr","locations":[{"start":{"line":39,"column":23},"end":{"line":39,"column":62}},{"start":{"line":40,"column":20},"end":{"line":40,"column":70}},{"start":{"line":41,"column":20},"end":{"line":41,"column":71}},{"start":{"line":42,"column":20},"end":{"line":42,"column":29}}]},"2":{"line":44,"type":"binary-expr","locations":[{"start":{"line":44,"column":23},"end":{"line":44,"column":37}},{"start":{"line":45,"column":20},"end":{"line":45,"column":61}},{"start":{"line":46,"column":20},"end":{"line":46,"column":70}},{"start":{"line":47,"column":20},"end":{"line":47,"column":26}}]},"3":{"line":51,"type":"cond-expr","locations":[{"start":{"line":52,"column":14},"end":{"line":52,"column":20}},{"start":{"line":53,"column":14},"end":{"line":53,"column":20}}]},"4":{"line":55,"type":"binary-expr","locations":[{"start":{"line":55,"column":16},"end":{"line":55,"column":44}},{"start":{"line":55,"column":49},"end":{"line":57,"column":43}}]},"5":{"line":55,"type":"cond-expr","locations":[{"start":{"line":56,"column":14},"end":{"line":56,"column":58}},{"start":{"line":57,"column":14},"end":{"line":57,"column":43}}]},"6":{"line":61,"type":"switch","locations":[{"start":{"line":68,"column":4},"end":{"line":150,"column":14},"skip":true},{"start":{"line":156,"column":4},"end":{"line":324,"column":14},"skip":true}]},"7":{"line":70,"type":"if","locations":[{"start":{"line":70,"column":12},"end":{"line":70,"column":12},"skip":true},{"start":{"line":70,"column":12},"end":{"line":70,"column":12},"skip":true}]},"8":{"line":70,"type":"binary-expr","locations":[{"start":{"line":70,"column":16},"end":{"line":70,"column":22},"skip":true},{"start":{"line":70,"column":27},"end":{"line":70,"column":32},"skip":true},{"start":{"line":71,"column":20},"end":{"line":71,"column":39},"skip":true},{"start":{"line":72,"column":20},"end":{"line":72,"column":49},"skip":true},{"start":{"line":73,"column":20},"end":{"line":73,"column":58},"skip":true},{"start":{"line":74,"column":20},"end":{"line":74,"column":69},"skip":true}]},"9":{"line":79,"type":"switch","locations":[{"start":{"line":80,"column":20},"end":{"line":80,"column":33},"skip":true},{"start":{"line":81,"column":20},"end":{"line":83,"column":30},"skip":true},{"start":{"line":84,"column":20},"end":{"line":85,"column":49},"skip":true}]},"10":{"line":89,"type":"switch","locations":[{"start":{"line":90,"column":12},"end":{"line":103,"column":22},"skip":true},{"start":{"line":105,"column":12},"end":{"line":106,"column":22},"skip":true}]},"11":{"line":89,"type":"binary-expr","locations":[{"start":{"line":89,"column":20},"end":{"line":89,"column":25},"skip":true},{"start":{"line":89,"column":29},"end":{"line":89,"column":48},"skip":true},{"start":{"line":89,"column":52},"end":{"line":89,"column":74},"skip":true}]},"12":{"line":92,"type":"if","locations":[{"start":{"line":92,"column":16},"end":{"line":92,"column":16},"skip":true},{"start":{"line":92,"column":16},"end":{"line":92,"column":16},"skip":true}]},"13":{"line":108,"type":"if","locations":[{"start":{"line":108,"column":12},"end":{"line":108,"column":12},"skip":true},{"start":{"line":108,"column":12},"end":{"line":108,"column":12},"skip":true}]},"14":{"line":108,"type":"binary-expr","locations":[{"start":{"line":108,"column":16},"end":{"line":108,"column":61},"skip":true},{"start":{"line":108,"column":66},"end":{"line":108,"column":72},"skip":true},{"start":{"line":108,"column":77},"end":{"line":108,"column":82},"skip":true},{"start":{"line":109,"column":20},"end":{"line":109,"column":39},"skip":true},{"start":{"line":110,"column":20},"end":{"line":110,"column":49},"skip":true},{"start":{"line":111,"column":20},"end":{"line":111,"column":58},"skip":true},{"start":{"line":112,"column":20},"end":{"line":112,"column":68},"skip":true}]},"15":{"line":129,"type":"if","locations":[{"start":{"line":129,"column":16},"end":{"line":129,"column":16},"skip":true},{"start":{"line":129,"column":16},"end":{"line":129,"column":16},"skip":true}]},"16":{"line":134,"type":"cond-expr","locations":[{"start":{"line":135,"column":26},"end":{"line":135,"column":29},"skip":true},{"start":{"line":136,"column":26},"end":{"line":136,"column":54},"skip":true}]},"17":{"line":164,"type":"binary-expr","locations":[{"start":{"line":164,"column":27},"end":{"line":164,"column":43},"skip":true},{"start":{"line":164,"column":47},"end":{"line":164,"column":49},"skip":true}]},"18":{"line":258,"type":"if","locations":[{"start":{"line":258,"column":8},"end":{"line":258,"column":8},"skip":true},{"start":{"line":258,"column":8},"end":{"line":258,"column":8},"skip":true}]},"19":{"line":275,"type":"switch","locations":[{"start":{"line":276,"column":20},"end":{"line":277,"column":64},"skip":true},{"start":{"line":278,"column":20},"end":{"line":279,"column":40},"skip":true},{"start":{"line":280,"column":20},"end":{"line":281,"column":40},"skip":true},{"start":{"line":282,"column":20},"end":{"line":283,"column":39},"skip":true}]},"20":{"line":288,"type":"if","locations":[{"start":{"line":288,"column":8},"end":{"line":288,"column":8},"skip":true},{"start":{"line":288,"column":8},"end":{"line":288,"column":8},"skip":true}]},"21":{"line":288,"type":"binary-expr","locations":[{"start":{"line":288,"column":12},"end":{"line":288,"column":40},"skip":true},{"start":{"line":288,"column":44},"end":{"line":288,"column":67},"skip":true}]},"22":{"line":292,"type":"binary-expr","locations":[{"start":{"line":292,"column":12},"end":{"line":292,"column":50},"skip":true},{"start":{"line":293,"column":12},"end":{"line":293,"column":53},"skip":true}]},"23":{"line":297,"type":"binary-expr","locations":[{"start":{"line":297,"column":12},"end":{"line":297,"column":72},"skip":true},{"start":{"line":298,"column":12},"end":{"line":301,"column":36},"skip":true}]},"24":{"line":303,"type":"binary-expr","locations":[{"start":{"line":303,"column":43},"end":{"line":303,"column":75},"skip":true},{"start":{"line":303,"column":79},"end":{"line":303,"column":81},"skip":true}]},"25":{"line":306,"type":"if","locations":[{"start":{"line":306,"column":8},"end":{"line":306,"column":8},"skip":true},{"start":{"line":306,"column":8},"end":{"line":306,"column":8},"skip":true}]},"26":{"line":310,"type":"if","locations":[{"start":{"line":310,"column":8},"end":{"line":310,"column":8},"skip":true},{"start":{"line":310,"column":8},"end":{"line":310,"column":8},"skip":true}]},"27":{"line":313,"type":"binary-expr","locations":[{"start":{"line":313,"column":27},"end":{"line":313,"column":43},"skip":true},{"start":{"line":313,"column":47},"end":{"line":313,"column":53},"skip":true}]},"28":{"line":317,"type":"if","locations":[{"start":{"line":317,"column":12},"end":{"line":317,"column":12},"skip":true},{"start":{"line":317,"column":12},"end":{"line":317,"column":12},"skip":true}]}},"code":["/*","example.js","","quickstart example","","instruction","    1. save this script as example.js","    2. run the shell command:","        $ npm install npmtest-package-script && PORT=8081 node example.js","    3. play with the browser-demo on http://127.0.0.1:8081","*/","","","","/* istanbul instrument in package npmtest_package_script */","/*jslint","    bitwise: true,","    browser: true,","    maxerr: 8,","    maxlen: 96,","    node: true,","    nomen: true,","    regexp: true,","    stupid: true","*/","(function () {","    'use strict';","    var local;","","","","    // run shared js-env code - init-before","    (function () {","        // init local","        local = {};","        // init modeJs","        local.modeJs = (function () {","            try {","                return typeof navigator.userAgent === 'string' &&","                    typeof document.querySelector('body') === 'object' &&","                    typeof XMLHttpRequest.prototype.open === 'function' &&","                    'browser';","            } catch (errorCaughtBrowser) {","                return module.exports &&","                    typeof process.versions.node === 'string' &&","                    typeof require('http').createServer === 'function' &&","                    'node';","            }","        }());","        // init global","        local.global = local.modeJs === 'browser'","            ? window","            : global;","        // init utility2_rollup","        local = local.global.utility2_rollup || (local.modeJs === 'browser'","            ? local.global.utility2_npmtest_package_script","            : global.utility2_moduleExports);","        // export local","        local.global.local = local;","    }());","    switch (local.modeJs) {","","","","    // init-after","    // run browser js-env code - init-after","    /* istanbul ignore next */","    case 'browser':","        local.testRunBrowser = function (event) {","            if (!event || (event &&","                    event.currentTarget &&","                    event.currentTarget.className &&","                    event.currentTarget.className.includes &&","                    event.currentTarget.className.includes('onreset'))) {","                // reset output","                Array.from(","                    document.querySelectorAll('body > .resettable')","                ).forEach(function (element) {","                    switch (element.tagName) {","                    case 'INPUT':","                    case 'TEXTAREA':","                        element.value = '';","                        break;","                    default:","                        element.textContent = '';","                    }","                });","            }","            switch (event && event.currentTarget && event.currentTarget.id) {","            case 'testRunButton1':","                // show tests","                if (document.querySelector('#testReportDiv1').style.display === 'none') {","                    document.querySelector('#testReportDiv1').style.display = 'block';","                    document.querySelector('#testRunButton1').textContent =","                        'hide internal test';","                    local.modeTest = true;","                    local.testRunDefault(local);","                // hide tests","                } else {","                    document.querySelector('#testReportDiv1').style.display = 'none';","                    document.querySelector('#testRunButton1').textContent = 'run internal test';","                }","                break;","            // custom-case","            default:","                break;","            }","            if (document.querySelector('#inputTextareaEval1') && (!event || (event &&","                    event.currentTarget &&","                    event.currentTarget.className &&","                    event.currentTarget.className.includes &&","                    event.currentTarget.className.includes('oneval')))) {","                // try to eval input-code","                try {","                    /*jslint evil: true*/","                    eval(document.querySelector('#inputTextareaEval1').value);","                } catch (errorCaught) {","                    console.error(errorCaught);","                }","            }","        };","        // log stderr and stdout to #outputTextareaStdout1","        ['error', 'log'].forEach(function (key) {","            console[key + '_original'] = console[key];","            console[key] = function () {","                var element;","                console[key + '_original'].apply(console, arguments);","                element = document.querySelector('#outputTextareaStdout1');","                if (!element) {","                    return;","                }","                // append text to #outputTextareaStdout1","                element.value += Array.from(arguments).map(function (arg) {","                    return typeof arg === 'string'","                        ? arg","                        : JSON.stringify(arg, null, 4);","                }).join(' ') + '\\n';","                // scroll textarea to bottom","                element.scrollTop = element.scrollHeight;","            };","        });","        // init event-handling","        ['change', 'click', 'keyup'].forEach(function (event) {","            Array.from(document.querySelectorAll('.on' + event)).forEach(function (element) {","                element.addEventListener(event, local.testRunBrowser);","            });","        });","        // run tests","        local.testRunBrowser();","        break;","","","","    // run node js-env code - init-after","    /* istanbul ignore next */","    case 'node':","        // export local","        module.exports = local;","        // require modules","        local.fs = require('fs');","        local.http = require('http');","        local.url = require('url');","        // init assets","        local.assetsDict = local.assetsDict || {};","        /* jslint-ignore-begin */","        local.assetsDict['/assets.index.template.html'] = '\\","<!doctype html>\\n\\","<html lang=\"en\">\\n\\","<head>\\n\\","<meta charset=\"UTF-8\">\\n\\","<meta name=\"viewport\" content=\"width=device-width, initial-scale=1\">\\n\\","<title>{{env.npm_package_name}} (v{{env.npm_package_version}})</title>\\n\\","<style>\\n\\","/*csslint\\n\\","    box-sizing: false,\\n\\","    universal-selector: false\\n\\","*/\\n\\","* {\\n\\","    box-sizing: border-box;\\n\\","}\\n\\","body {\\n\\","    background: #dde;\\n\\","    font-family: Arial, Helvetica, sans-serif;\\n\\","    margin: 2rem;\\n\\","}\\n\\","body > * {\\n\\","    margin-bottom: 1rem;\\n\\","}\\n\\",".utility2FooterDiv {\\n\\","    margin-top: 20px;\\n\\","    text-align: center;\\n\\","}\\n\\","</style>\\n\\","<style>\\n\\","/*csslint\\n\\","*/\\n\\","textarea {\\n\\","    font-family: monospace;\\n\\","    height: 10rem;\\n\\","    width: 100%;\\n\\","}\\n\\","textarea[readonly] {\\n\\","    background: #ddd;\\n\\","}\\n\\","</style>\\n\\","</head>\\n\\","<body>\\n\\","<!-- utility2-comment\\n\\","<div id=\"ajaxProgressDiv1\" style=\"background: #d00; height: 2px; left: 0; margin: 0; padding: 0; position: fixed; top: 0; transition: background 0.5s, width 1.5s; width: 25%;\"></div>\\n\\","utility2-comment -->\\n\\","<h1>\\n\\","<!-- utility2-comment\\n\\","    <a\\n\\","        {{#if env.npm_package_homepage}}\\n\\","        href=\"{{env.npm_package_homepage}}\"\\n\\","        {{/if env.npm_package_homepage}}\\n\\","        target=\"_blank\"\\n\\","    >\\n\\","utility2-comment -->\\n\\","        {{env.npm_package_name}} (v{{env.npm_package_version}})\\n\\","<!-- utility2-comment\\n\\","    </a>\\n\\","utility2-comment -->\\n\\","</h1>\\n\\","<h3>{{env.npm_package_description}}</h3>\\n\\","<!-- utility2-comment\\n\\","<h4><a download href=\"assets.app.js\">download standalone app</a></h4>\\n\\","<button class=\"onclick onreset\" id=\"testRunButton1\">run internal test</button><br>\\n\\","<div id=\"testReportDiv1\" style=\"display: none;\"></div>\\n\\","utility2-comment -->\\n\\","\\n\\","\\n\\","\\n\\","<label>stderr and stdout</label>\\n\\","<textarea class=\"resettable\" id=\"outputTextareaStdout1\" readonly></textarea>\\n\\","<!-- utility2-comment\\n\\","{{#if isRollup}}\\n\\","<script src=\"assets.app.js\"></script>\\n\\","{{#unless isRollup}}\\n\\","utility2-comment -->\\n\\","<script src=\"assets.utility2.rollup.js\"></script>\\n\\","<script src=\"jsonp.utility2._stateInit?callback=window.utility2._stateInit\"></script>\\n\\","<script src=\"assets.npmtest_package_script.rollup.js\"></script>\\n\\","<script src=\"assets.example.js\"></script>\\n\\","<script src=\"assets.test.js\"></script>\\n\\","<!-- utility2-comment\\n\\","{{/if isRollup}}\\n\\","utility2-comment -->\\n\\","<div class=\"utility2FooterDiv\">\\n\\","    [ this app was created with\\n\\","    <a href=\"https://github.com/kaizhu256/node-utility2\" target=\"_blank\">utility2</a>\\n\\","    ]\\n\\","</div>\\n\\","</body>\\n\\","</html>\\n\\","';","        /* jslint-ignore-end */","        if (local.templateRender) {","            local.assetsDict['/'] = local.templateRender(","                local.assetsDict['/assets.index.template.html'],","                {","                    env: local.objectSetDefault(local.env, {","                        npm_package_description: 'the greatest app in the world!',","                        npm_package_name: 'my-app',","                        npm_package_nameAlias: 'my_app',","                        npm_package_version: '0.0.1'","                    })","                }","            );","        } else {","            local.assetsDict['/'] = local.assetsDict['/assets.index.template.html']","                .replace((/\\{\\{env\\.(\\w+?)\\}\\}/g), function (match0, match1) {","                    // jslint-hack","                    String(match0);","                    switch (match1) {","                    case 'npm_package_description':","                        return 'the greatest app in the world!';","                    case 'npm_package_name':","                        return 'my-app';","                    case 'npm_package_nameAlias':","                        return 'my_app';","                    case 'npm_package_version':","                        return '0.0.1';","                    }","                });","        }","        // run the cli","        if (local.global.utility2_rollup || module !== require.main) {","            break;","        }","        local.assetsDict['/assets.example.js'] =","            local.assetsDict['/assets.example.js'] ||","            local.fs.readFileSync(__filename, 'utf8');","        // bug-workaround - long $npm_package_buildCustomOrg","        /* jslint-ignore-begin */","        local.assetsDict['/assets.npmtest_package_script.rollup.js'] =","            local.assetsDict['/assets.npmtest_package_script.rollup.js'] ||","            local.fs.readFileSync(","                local.npmtest_package_script.__dirname + '/lib.npmtest_package_script.js',","                'utf8'","            ).replace((/^#!/), '//');","        /* jslint-ignore-end */","        local.assetsDict['/favicon.ico'] = local.assetsDict['/favicon.ico'] || '';","        // if $npm_config_timeout_exit exists,","        // then exit this process after $npm_config_timeout_exit ms","        if (Number(process.env.npm_config_timeout_exit)) {","            setTimeout(process.exit, Number(process.env.npm_config_timeout_exit));","        }","        // start server","        if (local.global.utility2_serverHttp1) {","            break;","        }","        process.env.PORT = process.env.PORT || '8081';","        console.error('server starting on port ' + process.env.PORT);","        local.http.createServer(function (request, response) {","            request.urlParsed = local.url.parse(request.url);","            if (local.assetsDict[request.urlParsed.pathname] !== undefined) {","                response.end(local.assetsDict[request.urlParsed.pathname]);","                return;","            }","            response.statusCode = 404;","            response.end();","        }).listen(process.env.PORT);","        break;","    }","}());",""],"l":{"26":2,"28":2,"33":2,"35":2,"37":2,"38":2,"39":2,"44":1,"51":2,"55":2,"59":2,"61":2,"69":1,"70":2,"76":2,"79":2,"82":2,"83":2,"85":1,"89":2,"92":1,"93":1,"94":1,"96":1,"97":1,"100":1,"101":1,"103":1,"106":1,"108":2,"114":1,"116":1,"118":1,"123":1,"124":2,"125":2,"126":3,"127":3,"128":3,"129":3,"130":1,"133":3,"134":3,"139":3,"143":1,"144":3,"145":1,"149":1,"150":1,"158":1,"160":1,"161":1,"162":1,"164":1,"166":1,"258":1,"259":1,"271":1,"274":6,"275":6,"277":1,"279":2,"281":1,"283":2,"288":1,"289":1,"291":1,"296":1,"303":1,"306":1,"307":1,"310":1,"311":1,"313":1,"314":1,"315":1,"316":1,"317":1,"318":1,"319":1,"321":1,"322":1,"324":1}},"/home/travis/build/npmtest/node-npmtest-package-script/node_modules/package-script/pkgscript.js":{"path":"/home/travis/build/npmtest/node-npmtest-package-script/node_modules/package-script/pkgscript.js","s":{"1":1,"2":1,"3":1,"4":1,"5":1,"6":1,"7":1,"8":1,"9":1,"10":0,"11":1,"12":1,"13":1,"14":1,"15":1,"16":1,"17":0,"18":0,"19":0,"20":0,"21":0,"22":0,"23":0,"24":0,"25":0,"26":0,"27":0,"28":0,"29":0,"30":0,"31":0,"32":0,"33":0,"34":0,"35":0,"36":0,"37":0,"38":0,"39":0,"40":0,"41":0,"42":0,"43":0,"44":0,"45":0,"46":0,"47":0,"48":0,"49":0,"50":1,"51":1,"52":1,"53":1,"54":1,"55":1,"56":1,"57":1,"58":1,"59":1,"60":1,"61":0,"62":0,"63":0,"64":0,"65":0,"66":0,"67":0,"68":0,"69":0,"70":0,"71":0,"72":0,"73":0,"74":0,"75":0,"76":0,"77":0,"78":0,"79":0,"80":0,"81":0,"82":0,"83":0,"84":0,"85":0,"86":0,"87":0,"88":0,"89":0,"90":0,"91":0,"92":0,"93":1,"94":1,"95":0,"96":0,"97":0,"98":0,"99":0,"100":0,"101":0,"102":0,"103":0,"104":0,"105":0,"106":0,"107":0,"108":0,"109":0,"110":0,"111":0,"112":0,"113":0,"114":0,"115":0,"116":0,"117":0,"118":0,"119":0,"120":0,"121":0,"122":0,"123":0,"124":0,"125":0,"126":0,"127":0,"128":0,"129":0,"130":0,"131":0,"132":0,"133":0,"134":0,"135":0,"136":0,"137":0,"138":0,"139":0,"140":0,"141":0,"142":0,"143":0,"144":0},"b":{"1":[1,0],"2":[1,0],"3":[1,1],"4":[0,0],"5":[0,0],"6":[0,0],"7":[0,0],"8":[0,0],"9":[0,0],"10":[0,0],"11":[0,0],"12":[1,0],"13":[0,1],"14":[1,0],"15":[0,0],"16":[0,0],"17":[0,0],"18":[0,0],"19":[0,0],"20":[0,0],"21":[0,0],"22":[0,0],"23":[0,0],"24":[0,0],"25":[0,0],"26":[0,0],"27":[0,0],"28":[0,0],"29":[0,0],"30":[0,0],"31":[0,0],"32":[0,0],"33":[0,0],"34":[0,0],"35":[0,0],"36":[0,0],"37":[0,0],"38":[0,0],"39":[0,0],"40":[0,0],"41":[0,0],"42":[0,0],"43":[0,0],"44":[0,0],"45":[0,0],"46":[0,0,0],"47":[0,0],"48":[0,0],"49":[0,0],"50":[0,0],"51":[0,0],"52":[0,0],"53":[0,0],"54":[0,0],"55":[0,0],"56":[0,0]},"f":{"1":1,"2":1,"3":1,"4":1,"5":0,"6":0,"7":0,"8":0,"9":1,"10":1,"11":0,"12":0,"13":0,"14":0,"15":1,"16":0,"17":0,"18":0,"19":0,"20":0,"21":0,"22":0,"23":0,"24":0},"fnMap":{"1":{"name":"getDefaultAdmin","line":33,"loc":{"start":{"line":33,"column":0},"end":{"line":33,"column":27}}},"2":{"name":"getDefaultInit","line":37,"loc":{"start":{"line":37,"column":0},"end":{"line":37,"column":26}}},"3":{"name":"setSpawnObject","line":49,"loc":{"start":{"line":49,"column":0},"end":{"line":49,"column":31}}},"4":{"name":"init","line":63,"loc":{"start":{"line":63,"column":0},"end":{"line":63,"column":16}}},"5":{"name":"install","line":76,"loc":{"start":{"line":76,"column":0},"end":{"line":76,"column":34}}},"6":{"name":"(anonymous_6)","line":117,"loc":{"start":{"line":117,"column":31},"end":{"line":117,"column":47}}},"7":{"name":"(anonymous_7)","line":122,"loc":{"start":{"line":122,"column":31},"end":{"line":122,"column":47}}},"8":{"name":"(anonymous_8)","line":130,"loc":{"start":{"line":130,"column":25},"end":{"line":130,"column":41}}},"9":{"name":"initialize","line":146,"loc":{"start":{"line":146,"column":0},"end":{"line":146,"column":28}}},"10":{"name":"(anonymous_10)","line":163,"loc":{"start":{"line":163,"column":1},"end":{"line":163,"column":12}}},"11":{"name":"_packageProcess","line":169,"loc":{"start":{"line":169,"column":0},"end":{"line":169,"column":43}}},"12":{"name":"(anonymous_12)","line":185,"loc":{"start":{"line":185,"column":28},"end":{"line":185,"column":43}}},"13":{"name":"(anonymous_13)","line":214,"loc":{"start":{"line":214,"column":87},"end":{"line":214,"column":98}}},"14":{"name":"(anonymous_14)","line":219,"loc":{"start":{"line":219,"column":30},"end":{"line":219,"column":44}}},"15":{"name":"(anonymous_15)","line":247,"loc":{"start":{"line":247,"column":17},"end":{"line":247,"column":28}}},"16":{"name":"(anonymous_16)","line":259,"loc":{"start":{"line":259,"column":14},"end":{"line":259,"column":31}}},"17":{"name":"(anonymous_17)","line":277,"loc":{"start":{"line":277,"column":15},"end":{"line":277,"column":48}}},"18":{"name":"(anonymous_18)","line":292,"loc":{"start":{"line":292,"column":38},"end":{"line":292,"column":49}}},"19":{"name":"(anonymous_19)","line":327,"loc":{"start":{"line":327,"column":17},"end":{"line":327,"column":39}}},"20":{"name":"(anonymous_20)","line":352,"loc":{"start":{"line":352,"column":39},"end":{"line":352,"column":50}}},"21":{"name":"(anonymous_21)","line":354,"loc":{"start":{"line":354,"column":46},"end":{"line":354,"column":56}}},"22":{"name":"(anonymous_22)","line":388,"loc":{"start":{"line":388,"column":19},"end":{"line":388,"column":41}}},"23":{"name":"(anonymous_23)","line":413,"loc":{"start":{"line":413,"column":39},"end":{"line":413,"column":50}}},"24":{"name":"(anonymous_24)","line":415,"loc":{"start":{"line":415,"column":46},"end":{"line":415,"column":57}}}},"statementMap":{"1":{"start":{"line":8,"column":0},"end":{"line":24,"column":34}},"2":{"start":{"line":33,"column":0},"end":{"line":35,"column":1}},"3":{"start":{"line":34,"column":4},"end":{"line":34,"column":16}},"4":{"start":{"line":37,"column":0},"end":{"line":41,"column":1}},"5":{"start":{"line":38,"column":4},"end":{"line":40,"column":6}},"6":{"start":{"line":49,"column":0},"end":{"line":57,"column":1}},"7":{"start":{"line":50,"column":4},"end":{"line":50,"column":64}},"8":{"start":{"line":51,"column":4},"end":{"line":55,"column":5}},"9":{"start":{"line":52,"column":8},"end":{"line":52,"column":24}},"10":{"start":{"line":54,"column":8},"end":{"line":54,"column":29}},"11":{"start":{"line":56,"column":4},"end":{"line":56,"column":17}},"12":{"start":{"line":63,"column":0},"end":{"line":68,"column":1}},"13":{"start":{"line":64,"column":4},"end":{"line":64,"column":58}},"14":{"start":{"line":65,"column":4},"end":{"line":65,"column":23}},"15":{"start":{"line":67,"column":4},"end":{"line":67,"column":21}},"16":{"start":{"line":76,"column":0},"end":{"line":144,"column":1}},"17":{"start":{"line":78,"column":4},"end":{"line":83,"column":14}},"18":{"start":{"line":87,"column":4},"end":{"line":87,"column":34}},"19":{"start":{"line":90,"column":4},"end":{"line":114,"column":5}},"20":{"start":{"line":91,"column":8},"end":{"line":105,"column":9}},"21":{"start":{"line":93,"column":12},"end":{"line":93,"column":34}},"22":{"start":{"line":94,"column":12},"end":{"line":94,"column":35}},"23":{"start":{"line":95,"column":12},"end":{"line":95,"column":87}},"24":{"start":{"line":97,"column":12},"end":{"line":97,"column":38}},"25":{"start":{"line":98,"column":12},"end":{"line":98,"column":64}},"26":{"start":{"line":99,"column":12},"end":{"line":99,"column":44}},"27":{"start":{"line":102,"column":12},"end":{"line":102,"column":35}},"28":{"start":{"line":103,"column":12},"end":{"line":103,"column":103}},"29":{"start":{"line":104,"column":12},"end":{"line":104,"column":54}},"30":{"start":{"line":107,"column":8},"end":{"line":107,"column":30}},"31":{"start":{"line":108,"column":8},"end":{"line":108,"column":27}},"32":{"start":{"line":109,"column":8},"end":{"line":109,"column":24}},"33":{"start":{"line":110,"column":8},"end":{"line":110,"column":52}},"34":{"start":{"line":111,"column":8},"end":{"line":111,"column":83}},"35":{"start":{"line":112,"column":8},"end":{"line":112,"column":50}},"36":{"start":{"line":117,"column":4},"end":{"line":120,"column":7}},"37":{"start":{"line":118,"column":8},"end":{"line":118,"column":43}},"38":{"start":{"line":119,"column":8},"end":{"line":119,"column":27}},"39":{"start":{"line":122,"column":4},"end":{"line":128,"column":7}},"40":{"start":{"line":123,"column":8},"end":{"line":127,"column":9}},"41":{"start":{"line":124,"column":12},"end":{"line":124,"column":54}},"42":{"start":{"line":126,"column":12},"end":{"line":126,"column":56}},"43":{"start":{"line":130,"column":4},"end":{"line":143,"column":7}},"44":{"start":{"line":131,"column":8},"end":{"line":131,"column":59}},"45":{"start":{"line":132,"column":8},"end":{"line":132,"column":15}},"46":{"start":{"line":133,"column":8},"end":{"line":142,"column":9}},"47":{"start":{"line":134,"column":12},"end":{"line":134,"column":37}},"48":{"start":{"line":138,"column":12},"end":{"line":141,"column":13}},"49":{"start":{"line":139,"column":16},"end":{"line":139,"column":42}},"50":{"start":{"line":146,"column":0},"end":{"line":160,"column":1}},"51":{"start":{"line":148,"column":4},"end":{"line":149,"column":12}},"52":{"start":{"line":151,"column":4},"end":{"line":159,"column":5}},"53":{"start":{"line":153,"column":8},"end":{"line":158,"column":9}},"54":{"start":{"line":154,"column":12},"end":{"line":154,"column":85}},"55":{"start":{"line":155,"column":12},"end":{"line":157,"column":13}},"56":{"start":{"line":156,"column":16},"end":{"line":156,"column":37}},"57":{"start":{"line":163,"column":0},"end":{"line":166,"column":5}},"58":{"start":{"line":164,"column":4},"end":{"line":164,"column":11}},"59":{"start":{"line":165,"column":4},"end":{"line":165,"column":19}},"60":{"start":{"line":169,"column":0},"end":{"line":240,"column":1}},"61":{"start":{"line":170,"column":4},"end":{"line":181,"column":14}},"62":{"start":{"line":183,"column":4},"end":{"line":212,"column":5}},"63":{"start":{"line":185,"column":8},"end":{"line":207,"column":11}},"64":{"start":{"line":186,"column":12},"end":{"line":206,"column":13}},"65":{"start":{"line":187,"column":16},"end":{"line":187,"column":34}},"66":{"start":{"line":188,"column":16},"end":{"line":188,"column":52}},"67":{"start":{"line":189,"column":16},"end":{"line":191,"column":17}},"68":{"start":{"line":190,"column":20},"end":{"line":190,"column":42}},"69":{"start":{"line":192,"column":16},"end":{"line":194,"column":17}},"70":{"start":{"line":193,"column":20},"end":{"line":193,"column":62}},"71":{"start":{"line":195,"column":16},"end":{"line":201,"column":17}},"72":{"start":{"line":196,"column":20},"end":{"line":196,"column":47}},"73":{"start":{"line":197,"column":20},"end":{"line":197,"column":43}},"74":{"start":{"line":198,"column":20},"end":{"line":198,"column":43}},"75":{"start":{"line":200,"column":20},"end":{"line":200,"column":97}},"76":{"start":{"line":203,"column":16},"end":{"line":203,"column":75}},"77":{"start":{"line":204,"column":16},"end":{"line":204,"column":84}},"78":{"start":{"line":205,"column":16},"end":{"line":205,"column":38}},"79":{"start":{"line":211,"column":8},"end":{"line":211,"column":124}},"80":{"start":{"line":214,"column":4},"end":{"line":239,"column":7}},"81":{"start":{"line":216,"column":8},"end":{"line":217,"column":24}},"82":{"start":{"line":218,"column":8},"end":{"line":234,"column":9}},"83":{"start":{"line":219,"column":12},"end":{"line":233,"column":15}},"84":{"start":{"line":220,"column":16},"end":{"line":232,"column":17}},"85":{"start":{"line":221,"column":20},"end":{"line":231,"column":21}},"86":{"start":{"line":222,"column":24},"end":{"line":230,"column":25}},"87":{"start":{"line":223,"column":28},"end":{"line":225,"column":29}},"88":{"start":{"line":224,"column":32},"end":{"line":224,"column":50}},"89":{"start":{"line":227,"column":28},"end":{"line":229,"column":29}},"90":{"start":{"line":228,"column":32},"end":{"line":228,"column":50}},"91":{"start":{"line":236,"column":8},"end":{"line":238,"column":9}},"92":{"start":{"line":237,"column":12},"end":{"line":237,"column":42}},"93":{"start":{"line":247,"column":0},"end":{"line":425,"column":4}},"94":{"start":{"line":249,"column":4},"end":{"line":423,"column":6}},"95":{"start":{"line":260,"column":12},"end":{"line":260,"column":37}},"96":{"start":{"line":279,"column":12},"end":{"line":279,"column":26}},"97":{"start":{"line":282,"column":12},"end":{"line":284,"column":13}},"98":{"start":{"line":283,"column":16},"end":{"line":283,"column":32}},"99":{"start":{"line":286,"column":12},"end":{"line":286,"column":129}},"100":{"start":{"line":288,"column":12},"end":{"line":302,"column":13}},"101":{"start":{"line":289,"column":16},"end":{"line":289,"column":51}},"102":{"start":{"line":290,"column":16},"end":{"line":290,"column":39}},"103":{"start":{"line":291,"column":16},"end":{"line":298,"column":17}},"104":{"start":{"line":292,"column":20},"end":{"line":297,"column":23}},"105":{"start":{"line":293,"column":24},"end":{"line":293,"column":116}},"106":{"start":{"line":294,"column":24},"end":{"line":296,"column":25}},"107":{"start":{"line":295,"column":28},"end":{"line":295,"column":46}},"108":{"start":{"line":301,"column":16},"end":{"line":301,"column":132}},"109":{"start":{"line":329,"column":12},"end":{"line":332,"column":21}},"110":{"start":{"line":334,"column":12},"end":{"line":339,"column":13}},"111":{"start":{"line":335,"column":16},"end":{"line":335,"column":47}},"112":{"start":{"line":336,"column":16},"end":{"line":336,"column":55}},"113":{"start":{"line":338,"column":16},"end":{"line":338,"column":25}},"114":{"start":{"line":341,"column":12},"end":{"line":341,"column":41}},"115":{"start":{"line":342,"column":12},"end":{"line":342,"column":42}},"116":{"start":{"line":343,"column":12},"end":{"line":344,"column":82}},"117":{"start":{"line":345,"column":12},"end":{"line":345,"column":40}},"118":{"start":{"line":346,"column":12},"end":{"line":346,"column":40}},"119":{"start":{"line":348,"column":12},"end":{"line":350,"column":13}},"120":{"start":{"line":349,"column":16},"end":{"line":349,"column":32}},"121":{"start":{"line":352,"column":12},"end":{"line":365,"column":15}},"122":{"start":{"line":353,"column":16},"end":{"line":364,"column":17}},"123":{"start":{"line":354,"column":20},"end":{"line":358,"column":23}},"124":{"start":{"line":355,"column":24},"end":{"line":357,"column":25}},"125":{"start":{"line":356,"column":28},"end":{"line":356,"column":46}},"126":{"start":{"line":360,"column":20},"end":{"line":362,"column":21}},"127":{"start":{"line":361,"column":24},"end":{"line":361,"column":42}},"128":{"start":{"line":390,"column":12},"end":{"line":393,"column":21}},"129":{"start":{"line":395,"column":12},"end":{"line":400,"column":13}},"130":{"start":{"line":396,"column":16},"end":{"line":396,"column":47}},"131":{"start":{"line":397,"column":16},"end":{"line":397,"column":55}},"132":{"start":{"line":399,"column":16},"end":{"line":399,"column":25}},"133":{"start":{"line":402,"column":12},"end":{"line":402,"column":36}},"134":{"start":{"line":403,"column":12},"end":{"line":403,"column":41}},"135":{"start":{"line":404,"column":12},"end":{"line":405,"column":82}},"136":{"start":{"line":406,"column":12},"end":{"line":406,"column":40}},"137":{"start":{"line":407,"column":12},"end":{"line":407,"column":40}},"138":{"start":{"line":409,"column":12},"end":{"line":411,"column":13}},"139":{"start":{"line":410,"column":16},"end":{"line":410,"column":32}},"140":{"start":{"line":413,"column":12},"end":{"line":421,"column":15}},"141":{"start":{"line":414,"column":16},"end":{"line":420,"column":17}},"142":{"start":{"line":415,"column":20},"end":{"line":419,"column":23}},"143":{"start":{"line":416,"column":24},"end":{"line":418,"column":25}},"144":{"start":{"line":417,"column":28},"end":{"line":417,"column":46}}},"branchMap":{"1":{"line":50,"type":"cond-expr","locations":[{"start":{"line":50,"column":37},"end":{"line":50,"column":54}},{"start":{"line":50,"column":57},"end":{"line":50,"column":62}}]},"2":{"line":51,"type":"if","locations":[{"start":{"line":51,"column":4},"end":{"line":51,"column":4}},{"start":{"line":51,"column":4},"end":{"line":51,"column":4}}]},"3":{"line":51,"type":"binary-expr","locations":[{"start":{"line":51,"column":8},"end":{"line":51,"column":15}},{"start":{"line":51,"column":19},"end":{"line":51,"column":24}}]},"4":{"line":82,"type":"binary-expr","locations":[{"start":{"line":82,"column":20},"end":{"line":82,"column":33}},{"start":{"line":82,"column":37},"end":{"line":82,"column":39}}]},"5":{"line":90,"type":"if","locations":[{"start":{"line":90,"column":4},"end":{"line":90,"column":4}},{"start":{"line":90,"column":4},"end":{"line":90,"column":4}}]},"6":{"line":91,"type":"if","locations":[{"start":{"line":91,"column":8},"end":{"line":91,"column":8}},{"start":{"line":91,"column":8},"end":{"line":91,"column":8}}]},"7":{"line":123,"type":"if","locations":[{"start":{"line":123,"column":8},"end":{"line":123,"column":8}},{"start":{"line":123,"column":8},"end":{"line":123,"column":8}}]},"8":{"line":123,"type":"binary-expr","locations":[{"start":{"line":123,"column":12},"end":{"line":123,"column":16}},{"start":{"line":123,"column":20},"end":{"line":123,"column":63}}]},"9":{"line":133,"type":"if","locations":[{"start":{"line":133,"column":8},"end":{"line":133,"column":8}},{"start":{"line":133,"column":8},"end":{"line":133,"column":8}}]},"10":{"line":138,"type":"if","locations":[{"start":{"line":138,"column":12},"end":{"line":138,"column":12}},{"start":{"line":138,"column":12},"end":{"line":138,"column":12}}]},"11":{"line":138,"type":"binary-expr","locations":[{"start":{"line":138,"column":16},"end":{"line":138,"column":24}},{"start":{"line":138,"column":28},"end":{"line":138,"column":50}}]},"12":{"line":151,"type":"if","locations":[{"start":{"line":151,"column":4},"end":{"line":151,"column":4}},{"start":{"line":151,"column":4},"end":{"line":151,"column":4}}]},"13":{"line":154,"type":"cond-expr","locations":[{"start":{"line":154,"column":53},"end":{"line":154,"column":64}},{"start":{"line":154,"column":68},"end":{"line":154,"column":81}}]},"14":{"line":155,"type":"if","locations":[{"start":{"line":155,"column":12},"end":{"line":155,"column":12}},{"start":{"line":155,"column":12},"end":{"line":155,"column":12}}]},"15":{"line":179,"type":"cond-expr","locations":[{"start":{"line":179,"column":40},"end":{"line":179,"column":57}},{"start":{"line":179,"column":61},"end":{"line":179,"column":62}}]},"16":{"line":179,"type":"binary-expr","locations":[{"start":{"line":179,"column":40},"end":{"line":179,"column":52}},{"start":{"line":179,"column":56},"end":{"line":179,"column":57}}]},"17":{"line":180,"type":"cond-expr","locations":[{"start":{"line":180,"column":38},"end":{"line":180,"column":58}},{"start":{"line":180,"column":62},"end":{"line":180,"column":66}}]},"18":{"line":180,"type":"binary-expr","locations":[{"start":{"line":180,"column":38},"end":{"line":180,"column":50}},{"start":{"line":180,"column":54},"end":{"line":180,"column":58}}]},"19":{"line":183,"type":"if","locations":[{"start":{"line":183,"column":4},"end":{"line":183,"column":4}},{"start":{"line":183,"column":4},"end":{"line":183,"column":4}}]},"20":{"line":183,"type":"binary-expr","locations":[{"start":{"line":183,"column":8},"end":{"line":183,"column":19}},{"start":{"line":183,"column":23},"end":{"line":183,"column":45}}]},"21":{"line":186,"type":"if","locations":[{"start":{"line":186,"column":12},"end":{"line":186,"column":12}},{"start":{"line":186,"column":12},"end":{"line":186,"column":12}}]},"22":{"line":189,"type":"if","locations":[{"start":{"line":189,"column":16},"end":{"line":189,"column":16}},{"start":{"line":189,"column":16},"end":{"line":189,"column":16}}]},"23":{"line":192,"type":"if","locations":[{"start":{"line":192,"column":16},"end":{"line":192,"column":16}},{"start":{"line":192,"column":16},"end":{"line":192,"column":16}}]},"24":{"line":195,"type":"if","locations":[{"start":{"line":195,"column":16},"end":{"line":195,"column":16}},{"start":{"line":195,"column":16},"end":{"line":195,"column":16}}]},"25":{"line":203,"type":"cond-expr","locations":[{"start":{"line":203,"column":51},"end":{"line":203,"column":61}},{"start":{"line":203,"column":64},"end":{"line":203,"column":73}}]},"26":{"line":204,"type":"cond-expr","locations":[{"start":{"line":204,"column":57},"end":{"line":204,"column":70}},{"start":{"line":204,"column":73},"end":{"line":204,"column":82}}]},"27":{"line":218,"type":"if","locations":[{"start":{"line":218,"column":8},"end":{"line":218,"column":8}},{"start":{"line":218,"column":8},"end":{"line":218,"column":8}}]},"28":{"line":220,"type":"if","locations":[{"start":{"line":220,"column":16},"end":{"line":220,"column":16}},{"start":{"line":220,"column":16},"end":{"line":220,"column":16}}]},"29":{"line":221,"type":"if","locations":[{"start":{"line":221,"column":20},"end":{"line":221,"column":20}},{"start":{"line":221,"column":20},"end":{"line":221,"column":20}}]},"30":{"line":222,"type":"if","locations":[{"start":{"line":222,"column":24},"end":{"line":222,"column":24}},{"start":{"line":222,"column":24},"end":{"line":222,"column":24}}]},"31":{"line":223,"type":"if","locations":[{"start":{"line":223,"column":28},"end":{"line":223,"column":28}},{"start":{"line":223,"column":28},"end":{"line":223,"column":28}}]},"32":{"line":227,"type":"if","locations":[{"start":{"line":227,"column":28},"end":{"line":227,"column":28}},{"start":{"line":227,"column":28},"end":{"line":227,"column":28}}]},"33":{"line":236,"type":"if","locations":[{"start":{"line":236,"column":8},"end":{"line":236,"column":8}},{"start":{"line":236,"column":8},"end":{"line":236,"column":8}}]},"34":{"line":282,"type":"if","locations":[{"start":{"line":282,"column":12},"end":{"line":282,"column":12}},{"start":{"line":282,"column":12},"end":{"line":282,"column":12}}]},"35":{"line":288,"type":"if","locations":[{"start":{"line":288,"column":12},"end":{"line":288,"column":12}},{"start":{"line":288,"column":12},"end":{"line":288,"column":12}}]},"36":{"line":288,"type":"binary-expr","locations":[{"start":{"line":288,"column":16},"end":{"line":288,"column":22}},{"start":{"line":288,"column":26},"end":{"line":288,"column":43}}]},"37":{"line":291,"type":"if","locations":[{"start":{"line":291,"column":16},"end":{"line":291,"column":16}},{"start":{"line":291,"column":16},"end":{"line":291,"column":16}}]},"38":{"line":294,"type":"if","locations":[{"start":{"line":294,"column":24},"end":{"line":294,"column":24}},{"start":{"line":294,"column":24},"end":{"line":294,"column":24}}]},"39":{"line":334,"type":"if","locations":[{"start":{"line":334,"column":12},"end":{"line":334,"column":12}},{"start":{"line":334,"column":12},"end":{"line":334,"column":12}}]},"40":{"line":335,"type":"binary-expr","locations":[{"start":{"line":335,"column":24},"end":{"line":335,"column":32}},{"start":{"line":335,"column":36},"end":{"line":335,"column":45}}]},"41":{"line":336,"type":"binary-expr","locations":[{"start":{"line":336,"column":28},"end":{"line":336,"column":40}},{"start":{"line":336,"column":44},"end":{"line":336,"column":53}}]},"42":{"line":344,"type":"cond-expr","locations":[{"start":{"line":344,"column":61},"end":{"line":344,"column":72}},{"start":{"line":344,"column":75},"end":{"line":344,"column":80}}]},"43":{"line":344,"type":"binary-expr","locations":[{"start":{"line":344,"column":33},"end":{"line":344,"column":37}},{"start":{"line":344,"column":41},"end":{"line":344,"column":57}}]},"44":{"line":348,"type":"if","locations":[{"start":{"line":348,"column":12},"end":{"line":348,"column":12}},{"start":{"line":348,"column":12},"end":{"line":348,"column":12}}]},"45":{"line":353,"type":"if","locations":[{"start":{"line":353,"column":16},"end":{"line":353,"column":16}},{"start":{"line":353,"column":16},"end":{"line":353,"column":16}}]},"46":{"line":353,"type":"binary-expr","locations":[{"start":{"line":353,"column":20},"end":{"line":353,"column":29}},{"start":{"line":353,"column":33},"end":{"line":353,"column":53}},{"start":{"line":353,"column":57},"end":{"line":353,"column":77}}]},"47":{"line":355,"type":"if","locations":[{"start":{"line":355,"column":24},"end":{"line":355,"column":24}},{"start":{"line":355,"column":24},"end":{"line":355,"column":24}}]},"48":{"line":360,"type":"if","locations":[{"start":{"line":360,"column":20},"end":{"line":360,"column":20}},{"start":{"line":360,"column":20},"end":{"line":360,"column":20}}]},"49":{"line":395,"type":"if","locations":[{"start":{"line":395,"column":12},"end":{"line":395,"column":12}},{"start":{"line":395,"column":12},"end":{"line":395,"column":12}}]},"50":{"line":396,"type":"binary-expr","locations":[{"start":{"line":396,"column":24},"end":{"line":396,"column":32}},{"start":{"line":396,"column":36},"end":{"line":396,"column":45}}]},"51":{"line":397,"type":"binary-expr","locations":[{"start":{"line":397,"column":28},"end":{"line":397,"column":40}},{"start":{"line":397,"column":44},"end":{"line":397,"column":53}}]},"52":{"line":405,"type":"cond-expr","locations":[{"start":{"line":405,"column":61},"end":{"line":405,"column":72}},{"start":{"line":405,"column":75},"end":{"line":405,"column":80}}]},"53":{"line":405,"type":"binary-expr","locations":[{"start":{"line":405,"column":33},"end":{"line":405,"column":37}},{"start":{"line":405,"column":41},"end":{"line":405,"column":57}}]},"54":{"line":409,"type":"if","locations":[{"start":{"line":409,"column":12},"end":{"line":409,"column":12}},{"start":{"line":409,"column":12},"end":{"line":409,"column":12}}]},"55":{"line":414,"type":"if","locations":[{"start":{"line":414,"column":16},"end":{"line":414,"column":16}},{"start":{"line":414,"column":16},"end":{"line":414,"column":16}}]},"56":{"line":416,"type":"if","locations":[{"start":{"line":416,"column":24},"end":{"line":416,"column":24}},{"start":{"line":416,"column":24},"end":{"line":416,"column":24}}]}},"code":["/*"," *  Package Script Module"," *"," */","","\"use strict\";","","var logger = require(\"./utils/Logger.js\"),","    globalutils = require(\"./utils/Global.js\"),","    utils = require(\"./utils/Utils.js\"),","    _ = require('underscore'),","    isLinux = utils.isLinux(),","    spawn,","    sudoopt = {","        cachePassword: true,","        prompt: 'Additional global npm(s) about to be installed, set your root password: ',","        spawnOptions: { /* other options for spawn */ }","    },","    cprocess,","    commands = [],","    next= 0, size,","    cparg = require('child_process'),","    sudoarg = require('sudo'),","    jsutils = require(\"js.utils\");","","","","/**"," * The default system value for the admin user is true"," *"," * @returns {boolean} The default admin value"," */","function getDefaultAdmin() {","    return true;","}","","function getDefaultInit() {","    return {","        log: true","    };","}","","/**"," * Set the current spawn object."," * Can be sudo for getting the admin prompt or child_process"," *"," * @param admin"," */","function setSpawnObject(admin) {","    admin = ((admin === undefined) ? getDefaultAdmin() : admin);","    if (isLinux && admin) {","        spawn = sudoarg;","    } else {","        spawn =  cparg.spawn;","    }","    return admin;","}","","","/**"," * Initialization functionality"," */","function init() {","    var log = \"Package Script installer Initialized ....\";","    logger.logall(log);","","    setSpawnObject();","}","","/**"," * Run a single spawn operation according to the given configuration"," *"," * @param items The passed configuration items"," * @param callback The functionality to be called on complete"," */","function install(items, callback) {","","    var item = items[next],","        command = item.command,","        args = item.args,","        admin = item.admin,","        spawnopt = (item.spawnopt || {}),","        print;","","","    // set the spawn object according to the passed admin argument","    admin = setSpawnObject(admin);","","    // run the command","    if (isLinux) {","        if (admin) {","            // use sudo","            args.unshift(command);","            print = args.join(\" \");","            logger.console.log(\"[package-script] Running Installer command: \" + print);","","            sudoopt.spawnOptions = {};","            jsutils.Object.copy(spawnopt, sudoopt.spawnOptions);","            cprocess = spawn(args, sudoopt);","        } else {","            //use child_process","            print = args.join(\" \");","            logger.console.log(\"[package-script] Running Installer command: \" + command + \" \" + print);","            cprocess = spawn(command, args, spawnopt);","        }","    } else {","        args.unshift(command);","        args.unshift(\"/c\");","        command = \"cmd\";","        print = [command, args.join(\" \")].join(\" \");","        logger.console.log(\"[package-script] Running Installer command: \" + print);","        cprocess = spawn(command, args, spawnopt);","","    }","","    // -- Spawn Listeners","    cprocess.stdout.on('data', function (data) {","        var log = 'CAT Installer: ' + data;","        logger.logall(log);","    });","","    cprocess.stderr.on('data', function (data) {","        if (data && (new String(data)).indexOf(\"npm ERR\") != -1) {","            logger.logall('Package Script : ' + data);","        } else {","            logger.log2file('Package Script : ' + data);","        }","    });","","    cprocess.on('close', function (code) {","        logger.log2file('Package Script Complete ' + code);","        next++;","        if (next < size) {","            install(items, callback);","","        } else {","            // callback","            if (callback && _.isFunction(callback)) {","                callback.call(this, code);","","            }","        }","    });","}","","function initialize(config) {","","    var defaults = getDefaultInit(),","        key;","","    if (config) {","","        for (key in defaults) {","            globalutils.set(key, ( (key in config) ? config[key] :  defaults[key] ));","            if (jsutils) {","                jsutils.init(config);","            }","        }","    }","}","","// Initialization","(function() {","    init();","    initialize({});","})();","","","function _packageProcess(config, callback) {","    var configval = [],","        names = [],","        baseobj = {","            command: \"npm\",","            args: [config.action]","        },","        isinstalled = config.isinstalled,","        spawnconfig = config.config,","        isglobal = config.global,","        isDebug = ('debug' in config ? (config.debug || 0) : 0),","        depth = ('depth' in config ? (config.depth || \"10\") : \"10\"),","        entry;","","    if (spawnconfig && _.isArray(spawnconfig)) {","","        spawnconfig.forEach(function(item) {","            if (item) {","                entry = {args:[]};","                jsutils.Object.copy(baseobj, entry);","                if (isglobal) {","                    entry.args.push(\"-g\");","                }","                if (item.args) {","                    entry.args = entry.args.concat(item.args);","                }","                if (item.name) {","                    entry.args.push(item.name);","                    entry.name = item.name;","                    names.push (item.name);","                } else {","                    logger.console.error(\"[package-script install] 'name' is require parameter\");","                }","","                entry.admin = (('admin' in item) ? item.admin : undefined);","                entry.spawnopt = (('spawnopt' in item) ? item.spawnopt : undefined);","                configval.push(entry);","            }","        });","","","    } else {","        logger.logall(\"[package-script] No valid configuration for 'install' function, see the docs for more information \");","    }","","    jsutils.NPM.installed({global: isglobal, list: names, depth:depth, debug:isDebug}, function() {","","        var data  = this.data,","            newarr = [];","        if (data) {","            configval.forEach(function(item){","                if (item) {","                    if (item.name) {","                        if (!isinstalled) {","                            if (!data[item.name]) {","                                newarr.push(item);","                            }","                        } else {","                            if (data[item.name]) {","                                newarr.push(item);","                            }","                        }","                    }","                }","            });","        }","","        if (callback) {","            callback.call({data: newarr});","        }","    });","}","","/**"," * Executing multiple calls synchronously according to a given configuration"," *"," * @type {module.exports}"," */","module.exports = function() {","","    return {","","        /**","         * Initialization Settings","         *","         * @param config The initialization configuration","         * e.g. {","         *      log: false","         * }","         */","        init: function(config) {","            return initialize(config)","        },","","        /**","         * spawn additional command according to the config","         *","         * @param config The configuration for the spawn","         * e.g. [{","         *          admin: true, [optional (for now, linux support only)],","         *          spawnopt: {cwd: '.'} [optional] (see child_process spawn docs)","         *          command: 'npm',","         *          args: [\"--version\"]","         *      }]","         *","         * @param init The initial configuration, can be set in separate method (see 'init')","         * @param callback The callback functionality","         */","        spawn: function(config, init, callback) {","","            var me = this;","","            // first initialize","            if (init) {","                this.init(init);","            }","","            logger.log2file(\"\\n\\n************ Package Script  ************************************* process id: \" + process.pid);","","            if (config && _.isArray(config)) {","                commands = commands.concat(config);","                size = commands.length;","                if (size > 0) {","                    install(commands, function() {","                        logger.logall(\"[package-script] process completed, see pkgscript.log for more information\");","                        if (callback) {","                            callback.call(me);","                        }","                    });","                }","","            } else {","                logger.logall(\"[package-script] No valid configuration for 'install' function, see the docs for more information \");","            }","        },","","        // TODO unify to generic - the configuration passed to the install/uninstall","","        /**","         * Install packages","         *","         * @param config {Array} The configuration for the install","         *      name        {String}    The package name","         *      admin       {Boolean}   Get admin prompt (default to true)","         *      spawnopt    {Object}    {cwd: '.'} [optional] (see child_process spawn docs)","         *","         * e.g. [{","         *          admin: false,","         *          name: \"test\"","         *      }]","         *","         * @param opt The optional configuration","         *      init The initial settings","         *          global  {Boolean} specify if the given packages are global or not","         *          log     {Boolean} specify if to set the log to off or on optional values [true/false]","         *","         *      callback The callback functionality","         */","        install: function(config, opt) {","","            var me = this,","                configvar = {},","                callback,","                init;","","            if (opt) {","                init = (opt.init || undefined);","                callback = (opt.callback || undefined);","            } else {","                opt = {};","            }","","            configvar.action = \"install\";","            configvar.isinstalled = false;","            configvar.config = config,","            configvar.global = ((init && 'global' in init) ? init.global : false);","            configvar.debug = opt.debug;","            configvar.depth = opt.depth;","","            if (init) {","                this.init(init);","            }","","            _packageProcess(configvar, function() {","                if (this.data && _.isArray(this.data) && this.data.length > 0) {","                    me.spawn(this.data, init, function(){","                        if (callback) {","                            callback.call(me);","                        }","                    });","                } else {","                    if (callback) {","                        callback.call(me);","                    }","","                }","            });","        },","","        /**","         * UnInstall packages","         *","         * @param config {Array} The configuration for the uninstall","         *      name        {String}    The package name","         *      admin       {Boolean}   Get admin prompt (default to true)","         *      spawnopt    {Object}    {cwd: '.'} [optional] (see child_process spawn docs)","         *","         * e.g. [{","         *          admin: false,","         *          name: \"test\"","         *      }]","         *","         * @param opt The optional configuration","         *      init The initial settings","         *          global  {Boolean} specify if the given packages are global or not","         *          log     {Boolean} specify if to set the log to off or on optional values [true/false]","         *","         *      callback The callback functionality","         */","        uninstall: function(config, opt) {","","            var me = this,","                configvar = {},","                callback,","                init;","","            if (opt) {","                init = (opt.init || undefined);","                callback = (opt.callback || undefined);","            } else {","                opt = {};","            }","","            configvar.action = \"rm\";","            configvar.isinstalled = true;","            configvar.config = config,","            configvar.global = ((init && 'global' in init) ? init.global : false);","            configvar.debug = opt.debug;","            configvar.depth = opt.depth;","","            if (init) {","                this.init(init);","            }","","            _packageProcess(configvar, function() {","                if (this.data) {","                    me.spawn(this.data, init, function() {","                        if (callback) {","                            callback.call(me);","                        }","                    });","                }","            });","        }","    };","","}();"],"l":{"8":1,"33":1,"34":1,"37":1,"38":1,"49":1,"50":1,"51":1,"52":1,"54":0,"56":1,"63":1,"64":1,"65":1,"67":1,"76":1,"78":0,"87":0,"90":0,"91":0,"93":0,"94":0,"95":0,"97":0,"98":0,"99":0,"102":0,"103":0,"104":0,"107":0,"108":0,"109":0,"110":0,"111":0,"112":0,"117":0,"118":0,"119":0,"122":0,"123":0,"124":0,"126":0,"130":0,"131":0,"132":0,"133":0,"134":0,"138":0,"139":0,"146":1,"148":1,"151":1,"153":1,"154":1,"155":1,"156":1,"163":1,"164":1,"165":1,"169":1,"170":0,"183":0,"185":0,"186":0,"187":0,"188":0,"189":0,"190":0,"192":0,"193":0,"195":0,"196":0,"197":0,"198":0,"200":0,"203":0,"204":0,"205":0,"211":0,"214":0,"216":0,"218":0,"219":0,"220":0,"221":0,"222":0,"223":0,"224":0,"227":0,"228":0,"236":0,"237":0,"247":1,"249":1,"260":0,"279":0,"282":0,"283":0,"286":0,"288":0,"289":0,"290":0,"291":0,"292":0,"293":0,"294":0,"295":0,"301":0,"329":0,"334":0,"335":0,"336":0,"338":0,"341":0,"342":0,"343":0,"345":0,"346":0,"348":0,"349":0,"352":0,"353":0,"354":0,"355":0,"356":0,"360":0,"361":0,"390":0,"395":0,"396":0,"397":0,"399":0,"402":0,"403":0,"404":0,"406":0,"407":0,"409":0,"410":0,"413":0,"414":0,"415":0,"416":0,"417":0}},"/home/travis/build/npmtest/node-npmtest-package-script/node_modules/package-script/utils/Logger.js":{"path":"/home/travis/build/npmtest/node-npmtest-package-script/node_modules/package-script/utils/Logger.js","s":{"1":1,"2":1,"3":1,"4":1,"5":2,"6":1,"7":0,"8":0,"9":0,"10":0,"11":0,"12":1,"13":1,"14":0,"15":0,"16":0},"b":{"1":[0,1],"2":[0,0],"3":[1,0],"4":[0,0]},"f":{"1":1,"2":0,"3":2,"4":0,"5":1},"fnMap":{"1":{"name":"(anonymous_1)","line":5,"loc":{"start":{"line":5,"column":17},"end":{"line":5,"column":28}}},"2":{"name":"(anonymous_2)","line":7,"loc":{"start":{"line":7,"column":16},"end":{"line":7,"column":26}}},"3":{"name":"isLog","line":9,"loc":{"start":{"line":9,"column":4},"end":{"line":9,"column":21}}},"4":{"name":"(anonymous_4)","line":22,"loc":{"start":{"line":22,"column":18},"end":{"line":22,"column":34}}},"5":{"name":"(anonymous_5)","line":41,"loc":{"start":{"line":41,"column":16},"end":{"line":41,"column":31}}}},"statementMap":{"1":{"start":{"line":1,"column":0},"end":{"line":3,"column":24}},"2":{"start":{"line":5,"column":0},"end":{"line":55,"column":4}},"3":{"start":{"line":7,"column":4},"end":{"line":7,"column":29}},"4":{"start":{"line":9,"column":4},"end":{"line":11,"column":5}},"5":{"start":{"line":10,"column":8},"end":{"line":10,"column":34}},"6":{"start":{"line":13,"column":4},"end":{"line":53,"column":6}},"7":{"start":{"line":24,"column":12},"end":{"line":26,"column":13}},"8":{"start":{"line":25,"column":16},"end":{"line":25,"column":33}},"9":{"start":{"line":28,"column":12},"end":{"line":33,"column":13}},"10":{"start":{"line":29,"column":16},"end":{"line":29,"column":97}},"11":{"start":{"line":32,"column":16},"end":{"line":32,"column":90}},"12":{"start":{"line":43,"column":12},"end":{"line":45,"column":13}},"13":{"start":{"line":44,"column":16},"end":{"line":44,"column":33}},"14":{"start":{"line":47,"column":12},"end":{"line":50,"column":13}},"15":{"start":{"line":48,"column":16},"end":{"line":48,"column":54}},"16":{"start":{"line":49,"column":16},"end":{"line":49,"column":35}}},"branchMap":{"1":{"line":15,"type":"cond-expr","locations":[{"start":{"line":15,"column":28},"end":{"line":15,"column":35}},{"start":{"line":15,"column":38},"end":{"line":15,"column":77}}]},"2":{"line":24,"type":"if","locations":[{"start":{"line":24,"column":12},"end":{"line":24,"column":12}},{"start":{"line":24,"column":12},"end":{"line":24,"column":12}}]},"3":{"line":43,"type":"if","locations":[{"start":{"line":43,"column":12},"end":{"line":43,"column":12}},{"start":{"line":43,"column":12},"end":{"line":43,"column":12}}]},"4":{"line":47,"type":"if","locations":[{"start":{"line":47,"column":12},"end":{"line":47,"column":12}},{"start":{"line":47,"column":12},"end":{"line":47,"column":12}}]}},"code":["var _utils = require(\"./Utils.js\"),","    _global = require(\"./Global.js\"),","    _fs = require(\"fs\");","","module.exports = function() {","","    var _stub = function(){};","","    function isLog() {","        return _global.get(\"log\");","    }","","    return {","","        console: (isLog() ? console : {log: _stub, error: _stub, warn: _stub} ),","","        /**","         * Print the given data to a file","         *","         * @param data The data to be write","         */","        log2file: function (data) {","","            if (!isLog()) {","                return undefined;","            }","","            try {","                _fs.appendFileSync(\"pkgscript.log\", (_utils.now() + \"  \" + data + \"\\n\"), \"utf8\");","","            } catch (e) {","                console.error(_utils.now + \" [package-script] Package Script, ERROR:\", e);","            }","        },","","        /**","         * Log a message to the console and to a file.","         *","         * @param msg","         */","        logall: function (msg) {","","            if (!isLog()) {","                return undefined;","            }","","            if (msg) {","                console.log(_utils.now() + \" \" + msg);","                this.log2file(msg);","            }","        }","","    };","","}();"],"l":{"1":1,"5":1,"7":1,"9":1,"10":2,"13":1,"24":0,"25":0,"28":0,"29":0,"32":0,"43":1,"44":1,"47":0,"48":0,"49":0}},"/home/travis/build/npmtest/node-npmtest-package-script/node_modules/package-script/utils/Utils.js":{"path":"/home/travis/build/npmtest/node-npmtest-package-script/node_modules/package-script/utils/Utils.js","s":{"1":1,"2":1,"3":1,"4":0,"5":1,"6":1},"b":{"1":[1,0]},"f":{"1":1,"2":0,"3":1},"fnMap":{"1":{"name":"(anonymous_1)","line":4,"loc":{"start":{"line":4,"column":17},"end":{"line":4,"column":29}}},"2":{"name":"(anonymous_2)","line":8,"loc":{"start":{"line":8,"column":13},"end":{"line":8,"column":24}}},"3":{"name":"(anonymous_3)","line":17,"loc":{"start":{"line":17,"column":17},"end":{"line":17,"column":29}}}},"statementMap":{"1":{"start":{"line":1,"column":0},"end":{"line":2,"column":39}},"2":{"start":{"line":4,"column":0},"end":{"line":24,"column":4}},"3":{"start":{"line":6,"column":4},"end":{"line":22,"column":6}},"4":{"start":{"line":9,"column":12},"end":{"line":9,"column":66}},"5":{"start":{"line":18,"column":12},"end":{"line":18,"column":41}},"6":{"start":{"line":19,"column":12},"end":{"line":19,"column":65}}},"branchMap":{"1":{"line":19,"type":"binary-expr","locations":[{"start":{"line":19,"column":20},"end":{"line":19,"column":39}},{"start":{"line":19,"column":43},"end":{"line":19,"column":63}}]}},"code":["var os = require('os'),","    date = require(\"date-format-lite\");","","module.exports = function () {","","    return {","","        now: function() {","            return ((new Date()).format(\"YYYY-MM-DD hh:mm:ss.S\"));","        },","","        /**","         * Check if the current OS is Linux","         *","         * @returns {boolean} in case running OS is linux return true else false","         */","        isLinux: function () {","            var platform = os.platform();","            return (platform == \"linux\" || platform == \"darwin\");","        }","","    };","","}();"],"l":{"1":1,"4":1,"6":1,"9":0,"18":1,"19":1}},"/home/travis/build/npmtest/node-npmtest-package-script/node_modules/package-script/utils/Global.js":{"path":"/home/travis/build/npmtest/node-npmtest-package-script/node_modules/package-script/utils/Global.js","s":{"1":1,"2":1,"3":1,"4":1,"5":2},"b":{},"f":{"1":1,"2":1,"3":2},"fnMap":{"1":{"name":"(anonymous_1)","line":6,"loc":{"start":{"line":6,"column":17},"end":{"line":6,"column":28}}},"2":{"name":"(anonymous_2)","line":15,"loc":{"start":{"line":15,"column":13},"end":{"line":15,"column":34}}},"3":{"name":"(anonymous_3)","line":19,"loc":{"start":{"line":19,"column":13},"end":{"line":19,"column":27}}}},"statementMap":{"1":{"start":{"line":6,"column":0},"end":{"line":26,"column":4}},"2":{"start":{"line":9,"column":4},"end":{"line":9,"column":26}},"3":{"start":{"line":12,"column":4},"end":{"line":24,"column":5}},"4":{"start":{"line":16,"column":12},"end":{"line":16,"column":42}},"5":{"start":{"line":20,"column":12},"end":{"line":20,"column":41}}},"branchMap":{},"code":["/**"," * Global variable manager"," *"," * @type {module.exports}"," */","module.exports = function() {","","    // Setting global environment","    global.pkgscript = {};","","","    return {","","","        set: function(key, value) {","            global.pkgscript[key] = value;","        },","","        get: function(key) {","            return global.pkgscript[key];","","        }","","    }","","}();"],"l":{"6":1,"9":1,"12":1,"16":1,"20":2}}}